
Run     SWR     Gain    F/B     F/R     R-a     X-a     Eff.    %Res.   %Stp  W10     R10     ref     

1-0     1.1367  12.77   20.26   7.11    103.12  12.643  3615    0    	0    	1.5109  1.5909  0.87    
1       1.166   12.78   20.26   7.12    103.38  15.264  3615    -0.04	0.1  	1.5124  1.5909  0.87    
1       1.1438  12.74   21.51   7.05    105.46  12.678  3617    0.483	0.1  	1.5109  1.5925  0.87    
1       1.1362  12.78   20.23   7.12    103.18  12.587  3615    -8e-3	0.1  	1.5109  1.5909  0.8709  
1-1                                                                           -0.221  2.7341  -0.045  

1-2     1.8392  11.27   9.83    5.32    165.53  -45.21  3666    -6.35	1.886	1.5046  1.6729  0.8693  
2       1.166   12.78   20.26   7.12    103.38  15.264  3615    -0.04	0.1  	1.5124  1.5909  0.87    
2       1.1438  12.74   21.51   7.05    105.46  12.678  3617    0.483	0.1  	1.5109  1.5925  0.87    
2       1.1362  12.78   20.23   7.12    103.18  12.587  3615    -8e-3	0.1  	1.5109  1.5909  0.8709  
2-1                                                                           -0.221  2.7341  -0.045  

2-2     1.2664  12.42   32.03   6.53    125.56  7.1148  3635    4.543	0.377	1.5096  1.6073  0.8699  
2-3     1.4347  12.07   18.18   6.09    143.19  -4.503  3649    -5.68	0.377	1.5084  1.6239  0.8697  
3       1.4359  12.07   18.17   6.09    143.54  -1.935  3648    0.017	0.1  	1.5099  1.6239  0.8697  
3       1.4504  12.04   17.6    6.06    144.63  -5.618  3650    -0.29	0.1  	1.5084  1.6255  0.8697  
3       1.4351  12.07   18.2    6.09    143.23  -4.569  3649    7.e-3	0.1  	1.5084  1.6239  0.8706  
3-1                                                                           0.1631  -2.769  0.0683  

3-2     1.3925  12.15   19.99   6.19    139.23  -1.32   3646    0.901	0.094	1.5086  1.6196  0.8698  
3-3     1.3493  12.24   22.42   6.3     134.88  1.644   3642    1.124	0.094	1.5088  1.6154  0.8698  
3-4     1.3052  12.33   26.04   6.41    130.17  4.3289  3639    1.574	0.094	1.5091  1.6112  0.8699  
3-5     1.2607  12.42   32.78   6.53    125.1   6.6727  3635    2.785	0.094	1.5093  1.607   0.8699  
3-6     1.2168  12.51   42.23   6.66    119.7   8.6127  3631    3.682	0.094	1.5095  1.6028  0.87    
3-7     1.1755  12.61   28.69   6.82    114.03  10.089  3626    -4.69	0.094	1.5098  1.5986  0.87    
4       1.1945  12.61   28.68   6.82    114.3   12.553  3625    -0.04	0.094	1.5112  1.5986  0.87    
4       1.1908  12.57   31.76   6.76    116.12  9.7571  3627    1.159	0.094	1.5098  1.6001  0.87    
4       1.1755  12.61   28.6    6.82    114.09  10.032  3626    -0.04	0.094	1.5098  1.5986  0.8709  
4-1                                                                           -0.099  2.8152  -0.086  

4-2     1.1858  12.58   30.75   6.77    115.5   9.8024  3627    0.776	0.024	1.5097  1.5997  0.87    
4-3     1.1965  12.56   33.39   6.74    116.95  9.4818  3628    0.992	0.024	1.5097  1.6007  0.87    
4-4     1.2073  12.54   37.05   6.7     118.39  9.1318  3629    1.357	0.024	1.5097  1.6018  0.87    
4-5     1.2184  12.51   42.63   6.66    119.81  8.7501  3631    2.021	0.024	1.5096  1.6029  0.87    
4-6     1.2295  12.49   46.16   6.63    121.21  8.3396  3632    1.222	0.024	1.5096  1.6039  0.87    
4-7     1.2407  12.47   39.9    6.6     122.59  7.8976  3633    -2.18	0.024	1.5096  1.605   0.8699  
5       1.2437  12.47   39.87   6.6     122.66  8.5117  3633    -0.02	0.024	1.5099  1.605   0.8699  
5       1.2448  12.46   38.09   6.59    123.08  7.7556  3633    -0.66	0.024	1.5096  1.6054  0.8699  
5       1.2408  12.47   39.95   6.6     122.6   7.8828  3633    0.018	0.024	1.5096  1.605   0.8701  
5-1                                                                           -0.082  -2.84   0.0773  

5-2     1.2288  12.49   46.22   6.63    121.18  8.2305  3632    2.3  	0.024	1.5095  1.6039  0.87    
5-3     1.2169  12.51   42.52   6.66    119.75  8.5346  3631    -1.25	0.024	1.5095  1.6028  0.87    
6       1.2203  12.51   42.47   6.66    119.82  9.1471  3631    -0.03	0.024	1.5099  1.6028  0.87    
6       1.221   12.51   44.98   6.66    120.26  8.4131  3631    0.863	0.024	1.5095  1.6032  0.87    
6       1.217   12.51   42.39   6.66    119.77  8.52    3631    -0.05	0.024	1.5095  1.6028  0.8702  
6-1                                                                           -0.084  2.7687  -0.147  

6-2     1.228   12.49   46.35   6.63    121.13  8.1398  3632    1.329	0.024	1.5095  1.6039  0.8699  
6-3     1.2392  12.47   40.2    6.6     122.49  7.717   3633    -2.14	0.024	1.5094  1.6049  0.8699  
7       1.2421  12.47   40.17   6.6     122.56  8.331   3633    -0.02	0.024	1.5098  1.6049  0.8699  
7       1.2433  12.46   38.34   6.59    122.98  7.5755  3633    -0.68	0.024	1.5094  1.6053  0.8699  
7       1.2392  12.47   40.25   6.6     122.5   7.7022  3633    0.018	0.024	1.5094  1.6049  0.8701  
7-1                                                                           -0.08   -2.844  0.0753  

7-2     1.2272  12.49   46.48   6.63    121.08  8.0486  3632    2.281	0.024	1.5094  1.6039  0.8699  
7-3     1.2152  12.52   42.19   6.67    119.65  8.3526  3631    -1.44	0.024	1.5094  1.6028  0.8699  
8       1.2186  12.52   42.15   6.67    119.72  8.9672  3630    -0.02	0.024	1.5097  1.6028  0.8699  
8       1.2193  12.51   44.66   6.66    120.15  8.2321  3631    0.864	0.024	1.5094  1.6032  0.8699  
8       1.2152  12.52   42.07   6.67    119.66  8.338   3631    -0.04	0.024	1.5094  1.6028  0.8701  
8-1                                                                           -0.073  2.7895  -0.137  

8-2     1.2264  12.49   46.57   6.63    121.04  7.9639  3632    1.522	0.024	1.5094  1.6038  0.8699  
8-3     1.2378  12.47   40.44   6.6     122.41  7.5461  3633    -2.13	0.024	1.5093  1.6049  0.8699  
9       1.2407  12.47   40.4    6.6     122.48  8.1588  3633    -0.02	0.024	1.5097  1.6049  0.8699  
9       1.2419  12.46   38.53   6.59    122.9   7.4051  3633    -0.69	0.024	1.5093  1.6053  0.8699  
9       1.2379  12.47   40.48   6.6     122.42  7.5313  3633    0.014	0.024	1.5093  1.6049  0.8701  
9-1                                                                           -0.093  -2.848  0.0588  

9-2     1.2257  12.49   46.66   6.63    121     7.8712  3632    2.256	0.024	1.5093  1.6038  0.8699  
9-3     1.2136  12.52   41.93   6.67    119.56  8.1656  3630    -1.59	0.024	1.5093  1.6027  0.8699  
10      1.2169  12.52   41.89   6.67    119.63  8.779   3630    -0.02	0.024	1.5096  1.6027  0.8699  
10      1.2177  12.51   44.4    6.66    120.07  8.0457  3631    0.866	0.024	1.5093  1.6031  0.8699  

Run     SWR     Gain    F/B     F/R     R-a     X-a     Eff.    %Res.   %Stp  W10     R10     ref     

11-0    1.2177  12.51   44.4    6.66    120.07  8.0457  3631    0    	0    	1.5093  1.6031  0.8699  
11      1.2326  12.51   44.1    6.66    120.36  10.652  3631    -0.14	0.1  	1.5108  1.6031  0.8699  
